[0902/145639.994:ERROR:process_memory_win.cc(73)] ReadMemory at 0x7ff7e5e60000 of 64 bytes failed: Somente uma parte de um pedido ReadProcessMemory ou WriteProcessMemory foi concluída. (0x12B)
[0902/145639.994:WARNING:pe_image_reader.cc(340)] could not read dos header from C:\Program Files (x86)\Google\Chrome\Application\chrome.exe
[0902/145639.994:ERROR:process_memory_win.cc(73)] ReadMemory at 0x1a184d6c290 of 72 bytes failed: Somente uma parte de um pedido ReadProcessMemory ou WriteProcessMemory foi concluída. (0x12B)
[0902/145639.994:WARNING:pe_image_annotations_reader.cc(135)] could not read annotations list object in C:\Program Files (x86)\Google\Chrome\Application\85.0.4183.83\chrome_elf.dll
[0902/145639.994:ERROR:process_memory_win.cc(73)] ReadMemory at 0x1a184cc0000 of 64 bytes failed: Somente uma parte de um pedido ReadProcessMemory ou WriteProcessMemory foi concluída. (0x12B)
[0902/145640.010:WARNING:pe_image_reader.cc(340)] could not read dos header from C:\WINDOWS\System32\msvcrt.dll
[0902/145640.010:ERROR:process_memory_win.cc(73)] ReadMemory at 0x7ffc58340000 of 64 bytes failed: Somente uma parte de um pedido ReadProcessMemory ou WriteProcessMemory foi concluída. (0x12B)
[0902/145640.010:WARNING:pe_image_reader.cc(340)] could not read dos header from C:\Program Files (x86)\Google\Chrome\Application\85.0.4183.83\chrome.dll
[0902/145640.010:ERROR:process_memory_win.cc(73)] ReadMemory at 0x7ff7e5e60000 of 64 bytes failed: Somente uma parte de um pedido ReadProcessMemory ou WriteProcessMemory foi concluída. (0x12B)
[0902/145640.010:WARNING:pe_image_reader.cc(340)] could not read dos header from C:\Program Files (x86)\Google\Chrome\Application\chrome.exe
[0902/145640.010:ERROR:process_memory_win.cc(73)] ReadMemory at 0x1a184d6c290 of 72 bytes failed: Somente uma parte de um pedido ReadProcessMemory ou WriteProcessMemory foi concluída. (0x12B)
[0902/145640.010:WARNING:pe_image_annotations_reader.cc(135)] could not read annotations list object in C:\Program Files (x86)\Google\Chrome\Application\85.0.4183.83\chrome_elf.dll
[0902/145640.010:ERROR:process_memory_win.cc(73)] ReadMemory at 0x1a184cc0000 of 64 bytes failed: Somente uma parte de um pedido ReadProcessMemory ou WriteProcessMemory foi concluída. (0x12B)
[0902/145640.010:WARNING:pe_image_reader.cc(340)] could not read dos header from C:\WINDOWS\System32\msvcrt.dll
[0902/145640.010:ERROR:process_memory_win.cc(73)] ReadMemory at 0x7ffc58340000 of 64 bytes failed: Somente uma parte de um pedido ReadProcessMemory ou WriteProcessMemory foi concluída. (0x12B)
[0902/145640.010:WARNING:pe_image_reader.cc(340)] could not read dos header from C:\Program Files (x86)\Google\Chrome\Application\85.0.4183.83\chrome.dll
[0902/145640.016:ERROR:process_memory_win.cc(73)] ReadMemory at 0x8ad2bee000 of 73728 bytes failed: Somente uma parte de um pedido ReadProcessMemory ou WriteProcessMemory foi concluída. (0x12B)
[0902/145640.016:ERROR:process_memory_win.cc(73)] ReadMemory at 0x8ad33fd000 of 12288 bytes failed: Somente uma parte de um pedido ReadProcessMemory ou WriteProcessMemory foi concluída. (0x12B)
[0902/145640.016:ERROR:process_memory_win.cc(73)] ReadMemory at 0x8ad3bf7000 of 36864 bytes failed: Somente uma parte de um pedido ReadProcessMemory ou WriteProcessMemory foi concluída. (0x12B)
[0902/145640.016:ERROR:process_memory_win.cc(73)] ReadMemory at 0x8ad43fd000 of 12288 bytes failed: Somente uma parte de um pedido ReadProcessMemory ou WriteProcessMemory foi concluída. (0x12B)
[0902/145640.016:ERROR:process_memory_win.cc(73)] ReadMemory at 0x8ad4bfb000 of 20480 bytes failed: Somente uma parte de um pedido ReadProcessMemory ou WriteProcessMemory foi concluída. (0x12B)
[0902/145640.016:ERROR:process_memory_win.cc(73)] ReadMemory at 0x8ad53fe000 of 8192 bytes failed: Somente uma parte de um pedido ReadProcessMemory ou WriteProcessMemory foi concluída. (0x12B)
[0902/145640.016:ERROR:process_memory_win.cc(73)] ReadMemory at 0x8ad5bfd000 of 12288 bytes failed: Somente uma parte de um pedido ReadProcessMemory ou WriteProcessMemory foi concluída. (0x12B)
[0902/145640.016:ERROR:process_memory_win.cc(73)] ReadMemory at 0x8ad63fc000 of 16384 bytes failed: Somente uma parte de um pedido ReadProcessMemory ou WriteProcessMemory foi concluída. (0x12B)
[0902/145640.016:ERROR:process_memory_win.cc(73)] ReadMemory at 0x8ad6bfd000 of 12288 bytes failed: Somente uma parte de um pedido ReadProcessMemory ou WriteProcessMemory foi concluída. (0x12B)
[0902/145640.016:ERROR:process_memory_win.cc(73)] ReadMemory at 0x8ad73fd000 of 12288 bytes failed: Somente uma parte de um pedido ReadProcessMemory ou WriteProcessMemory foi concluída. (0x12B)
[0902/145640.016:ERROR:process_memory_win.cc(73)] ReadMemory at 0x8ad7bfd000 of 12288 bytes failed: Somente uma parte de um pedido ReadProcessMemory ou WriteProcessMemory foi concluída. (0x12B)
[0902/145640.016:ERROR:process_memory_win.cc(73)] ReadMemory at 0x8ad83fd000 of 12288 bytes failed: Somente uma parte de um pedido ReadProcessMemory ou WriteProcessMemory foi concluída. (0x12B)
[0902/145640.016:ERROR:process_memory_win.cc(73)] ReadMemory at 0x8ad8bfd000 of 12288 bytes failed: Somente uma parte de um pedido ReadProcessMemory ou WriteProcessMemory foi concluída. (0x12B)
[0902/145640.016:ERROR:process_memory_win.cc(73)] ReadMemory at 0x8ad93fd000 of 12288 bytes failed: Somente uma parte de um pedido ReadProcessMemory ou WriteProcessMemory foi concluída. (0x12B)
[0902/145640.016:ERROR:process_memory_win.cc(73)] ReadMemory at 0x8ad2201000 of 852 bytes failed: Somente uma parte de um pedido ReadProcessMemory ou WriteProcessMemory foi concluída. (0x12B)
[0902/145640.016:ERROR:process_memory_win.cc(73)] ReadMemory at 0x8ad2202000 of 6024 bytes failed: Somente uma parte de um pedido ReadProcessMemory ou WriteProcessMemory foi concluída. (0x12B)
[0902/145640.016:ERROR:process_memory_win.cc(73)] ReadMemory at 0x8ad2204000 of 6024 bytes failed: Somente uma parte de um pedido ReadProcessMemory ou WriteProcessMemory foi concluída. (0x12B)
[0902/145640.016:ERROR:process_memory_win.cc(73)] ReadMemory at 0x8ad2206000 of 6024 bytes failed: Somente uma parte de um pedido ReadProcessMemory ou WriteProcessMemory foi concluída. (0x12B)
[0902/145640.016:ERROR:process_memory_win.cc(73)] ReadMemory at 0x8ad2208000 of 6024 bytes failed: Somente uma parte de um pedido ReadProcessMemory ou WriteProcessMemory foi concluída. (0x12B)
[0902/145640.016:ERROR:process_memory_win.cc(73)] ReadMemory at 0x8ad220a000 of 6024 bytes failed: Somente uma parte de um pedido ReadProcessMemory ou WriteProcessMemory foi concluída. (0x12B)
[0902/145640.016:ERROR:process_memory_win.cc(73)] ReadMemory at 0x8ad220c000 of 6024 bytes failed: Somente uma parte de um pedido ReadProcessMemory ou WriteProcessMemory foi concluída. (0x12B)
[0902/145640.016:ERROR:process_memory_win.cc(73)] ReadMemory at 0x8ad220e000 of 6024 bytes failed: Somente uma parte de um pedido ReadProcessMemory ou WriteProcessMemory foi concluída. (0x12B)
[0902/145640.016:ERROR:process_memory_win.cc(73)] ReadMemory at 0x8ad2210000 of 6024 bytes failed: Somente uma parte de um pedido ReadProcessMemory ou WriteProcessMemory foi concluída. (0x12B)
[0902/145640.016:ERROR:process_memory_win.cc(73)] ReadMemory at 0x8ad2212000 of 6024 bytes failed: Somente uma parte de um pedido ReadProcessMemory ou WriteProcessMemory foi concluída. (0x12B)
[0902/145640.016:ERROR:process_memory_win.cc(73)] ReadMemory at 0x8ad2214000 of 6024 bytes failed: Somente uma parte de um pedido ReadProcessMemory ou WriteProcessMemory foi concluída. (0x12B)
[0902/145640.016:ERROR:process_memory_win.cc(73)] ReadMemory at 0x8ad2216000 of 6024 bytes failed: Somente uma parte de um pedido ReadProcessMemory ou WriteProcessMemory foi concluída. (0x12B)
[0902/145640.016:ERROR:process_memory_win.cc(73)] ReadMemory at 0x8ad2218000 of 6024 bytes failed: Somente uma parte de um pedido ReadProcessMemory ou WriteProcessMemory foi concluída. (0x12B)
[0902/145640.016:ERROR:process_memory_win.cc(73)] ReadMemory at 0x8ad221a000 of 6024 bytes failed: Somente uma parte de um pedido ReadProcessMemory ou WriteProcessMemory foi concluída. (0x12B)
[0902/145640.016:ERROR:process_memory_win.cc(73)] ReadMemory at 0x8ad221c000 of 6024 bytes failed: Somente uma parte de um pedido ReadProcessMemory ou WriteProcessMemory foi concluída. (0x12B)
[0902/145640.016:ERROR:process_memory_win.cc(73)] ReadMemory at 0x1a184d60fe0 of 8734 bytes failed: Somente uma parte de um pedido ReadProcessMemory ou WriteProcessMemory foi concluída. (0x12B)
[0902/145640.016:ERROR:process_memory_win.cc(73)] ReadMemory at 0x1a184d63210 of 1012 bytes failed: Somente uma parte de um pedido ReadProcessMemory ou WriteProcessMemory foi concluída. (0x12B)
[0902/145640.016:ERROR:process_memory_win.cc(73)] ReadMemory at 0x1a184d63858 of 118 bytes failed: Somente uma parte de um pedido ReadProcessMemory ou WriteProcessMemory foi concluída. (0x12B)
[0902/145640.016:ERROR:process_memory_win.cc(73)] ReadMemory at 0x1a184d638d0 of 1176 bytes failed: Somente uma parte de um pedido ReadProcessMemory ou WriteProcessMemory foi concluída. (0x12B)
[0902/145640.016:ERROR:process_memory_win.cc(73)] ReadMemory at 0x1a184d63d6a of 118 bytes failed: Somente uma parte de um pedido ReadProcessMemory ou WriteProcessMemory foi concluída. (0x12B)
[0902/145640.016:ERROR:process_memory_win.cc(73)] ReadMemory at 0x1a184d63de2 of 102 bytes failed: Somente uma parte de um pedido ReadProcessMemory ou WriteProcessMemory foi concluída. (0x12B)
[0902/145640.016:ERROR:process_memory_win.cc(73)] ReadMemory at 0x1a184d63e60 of 58 bytes failed: Somente uma parte de um pedido ReadProcessMemory ou WriteProcessMemory foi concluída. (0x12B)
[0902/145640.016:ERROR:process_memory_win.cc(73)] ReadMemory at 0x1a184d63f60 of 132 bytes failed: Somente uma parte de um pedido ReadProcessMemory ou WriteProcessMemory foi concluída. (0x12B)
[0902/145640.016:ERROR:process_memory_win.cc(73)] ReadMemory at 0x1a184d640f0 of 132 bytes failed: Somente uma parte de um pedido ReadProcessMemory ou WriteProcessMemory foi concluída. (0x12B)
[0902/145640.016:ERROR:process_memory_win.cc(73)] ReadMemory at 0x1a184d642b0 of 124 bytes failed: Somente uma parte de um pedido ReadProcessMemory ou WriteProcessMemory foi concluída. (0x12B)
[0902/145640.016:ERROR:process_memory_win.cc(73)] ReadMemory at 0x1a184d64690 of 132 bytes failed: Somente uma parte de um pedido ReadProcessMemory ou WriteProcessMemory foi concluída. (0x12B)
[0902/145640.016:ERROR:process_memory_win.cc(73)] ReadMemory at 0x1a184d64820 of 64 bytes failed: Somente uma parte de um pedido ReadProcessMemory ou WriteProcessMemory foi concluída. (0x12B)
[0902/145640.016:ERROR:process_memory_win.cc(73)] ReadMemory at 0x1a184d649e0 of 132 bytes failed: Somente uma parte de um pedido ReadProcessMemory ou WriteProcessMemory foi concluída. (0x12B)
[0902/145640.016:ERROR:process_memory_win.cc(73)] ReadMemory at 0x1a184d64c80 of 132 bytes failed: Somente uma parte de um pedido ReadProcessMemory ou WriteProcessMemory foi concluída. (0x12B)
[0902/145640.016:ERROR:process_memory_win.cc(73)] ReadMemory at 0x1a184d64e10 of 68 bytes failed: Somente uma parte de um pedido ReadProcessMemory ou WriteProcessMemory foi concluída. (0x12B)
[0902/145640.016:ERROR:process_memory_win.cc(73)] ReadMemory at 0x1a184d65fb0 of 132 bytes failed: Somente uma parte de um pedido ReadProcessMemory ou WriteProcessMemory foi concluída. (0x12B)
[0902/145640.016:ERROR:process_memory_win.cc(73)] ReadMemory at 0x1a184d66140 of 152 bytes failed: Somente uma parte de um pedido ReadProcessMemory ou WriteProcessMemory foi concluída. (0x12B)
[0902/145640.016:ERROR:process_memory_win.cc(73)] ReadMemory at 0x1a184d66f50 of 62 bytes failed: Somente uma parte de um pedido ReadProcessMemory ou WriteProcessMemory foi concluída. (0x12B)
[0902/145640.016:ERROR:process_memory_win.cc(73)] ReadMemory at 0x1a184d670b0 of 132 bytes failed: Somente uma parte de um pedido ReadProcessMemory ou WriteProcessMemory foi concluída. (0x12B)
[0902/145640.016:ERROR:process_memory_win.cc(73)] ReadMemory at 0x1a184d67240 of 60 bytes failed: Somente uma parte de um pedido ReadProcessMemory ou WriteProcessMemory foi concluída. (0x12B)
[0902/145640.016:ERROR:process_memory_win.cc(73)] ReadMemory at 0x1a184d6d000 of 54 bytes failed: Somente uma parte de um pedido ReadProcessMemory ou WriteProcessMemory foi concluída. (0x12B)
[0902/145640.016:ERROR:process_memory_win.cc(73)] ReadMemory at 0x1a184d71740 of 80 bytes failed: Somente uma parte de um pedido ReadProcessMemory ou WriteProcessMemory foi concluída. (0x12B)
[0902/145640.016:ERROR:process_memory_win.cc(73)] ReadMemory at 0x1a184d73820 of 62 bytes failed: Somente uma parte de um pedido ReadProcessMemory ou WriteProcessMemory foi concluída. (0x12B)
[0902/145640.016:ERROR:process_memory_win.cc(73)] ReadMemory at 0x1a184d738c0 of 60 bytes failed: Somente uma parte de um pedido ReadProcessMemory ou WriteProcessMemory foi concluída. (0x12B)
[0902/145640.016:ERROR:process_memory_win.cc(73)] ReadMemory at 0x1a184d73c30 of 64 bytes failed: Somente uma parte de um pedido ReadProcessMemory ou WriteProcessMemory foi concluída. (0x12B)
[0902/145640.016:ERROR:process_memory_win.cc(73)] ReadMemory at 0x1a184d76f60 of 132 bytes failed: Somente uma parte de um pedido ReadProcessMemory ou WriteProcessMemory foi concluída. (0x12B)
[0902/145640.016:ERROR:process_memory_win.cc(73)] ReadMemory at 0x1a184d77090 of 132 bytes failed: Somente uma parte de um pedido ReadProcessMemory ou WriteProcessMemory foi concluída. (0x12B)
[0902/145640.016:ERROR:process_memory_win.cc(73)] ReadMemory at 0x1a184d77360 of 132 bytes failed: Somente uma parte de um pedido ReadProcessMemory ou WriteProcessMemory foi concluída. (0x12B)
[0902/145640.016:ERROR:process_memory_win.cc(73)] ReadMemory at 0x1a184d77da0 of 132 bytes failed: Somente uma parte de um pedido ReadProcessMemory ou WriteProcessMemory foi concluída. (0x12B)
[0902/145640.016:ERROR:process_memory_win.cc(73)] ReadMemory at 0x1a184d77f20 of 60 bytes failed: Somente uma parte de um pedido ReadProcessMemory ou WriteProcessMemory foi concluída. (0x12B)
[0902/145640.016:ERROR:process_memory_win.cc(73)] ReadMemory at 0x1a184d77f70 of 62 bytes failed: Somente uma parte de um pedido ReadProcessMemory ou WriteProcessMemory foi concluída. (0x12B)
[0902/145640.016:ERROR:process_memory_win.cc(73)] ReadMemory at 0x1a184d78100 of 62 bytes failed: Somente uma parte de um pedido ReadProcessMemory ou WriteProcessMemory foi concluída. (0x12B)
[0902/145640.016:ERROR:process_memory_win.cc(73)] ReadMemory at 0x1a184d78150 of 64 bytes failed: Somente uma parte de um pedido ReadProcessMemory ou WriteProcessMemory foi concluída. (0x12B)
[0902/145640.016:ERROR:process_memory_win.cc(73)] ReadMemory at 0x1a184d781a0 of 64 bytes failed: Somente uma parte de um pedido ReadProcessMemory ou WriteProcessMemory foi concluída. (0x12B)
[0902/145640.016:ERROR:process_memory_win.cc(73)] ReadMemory at 0x1a184d781f0 of 62 bytes failed: Somente uma parte de um pedido ReadProcessMemory ou WriteProcessMemory foi concluída. (0x12B)
[0902/145640.016:ERROR:process_memory_win.cc(73)] ReadMemory at 0x1a184d78240 of 64 bytes failed: Somente uma parte de um pedido ReadProcessMemory ou WriteProcessMemory foi concluída. (0x12B)
[0902/145640.016:ERROR:process_memory_win.cc(73)] ReadMemory at 0x1a184d782e0 of 60 bytes failed: Somente uma parte de um pedido ReadProcessMemory ou WriteProcessMemory foi concluída. (0x12B)
[0902/145640.016:ERROR:process_memory_win.cc(73)] ReadMemory at 0x1a184d78380 of 60 bytes failed: Somente uma parte de um pedido ReadProcessMemory ou WriteProcessMemory foi concluída. (0x12B)
[0902/145640.016:ERROR:process_memory_win.cc(73)] ReadMemory at 0x1a184d785b0 of 66 bytes failed: Somente uma parte de um pedido ReadProcessMemory ou WriteProcessMemory foi concluída. (0x12B)
[0902/145640.016:ERROR:process_memory_win.cc(73)] ReadMemory at 0x1a184d78600 of 62 bytes failed: Somente uma parte de um pedido ReadProcessMemory ou WriteProcessMemory foi concluída. (0x12B)
[0902/145640.016:ERROR:process_memory_win.cc(73)] ReadMemory at 0x1a184d78650 of 62 bytes failed: Somente uma parte de um pedido ReadProcessMemory ou WriteProcessMemory foi concluída. (0x12B)
[0902/145640.016:ERROR:process_memory_win.cc(73)] ReadMemory at 0x1a184d786a0 of 62 bytes failed: Somente uma parte de um pedido ReadProcessMemory ou WriteProcessMemory foi concluída. (0x12B)
[0902/145640.016:ERROR:process_memory_win.cc(73)] ReadMemory at 0x1a184d78740 of 64 bytes failed: Somente uma parte de um pedido ReadProcessMemory ou WriteProcessMemory foi concluída. (0x12B)
[0902/145640.016:ERROR:process_memory_win.cc(73)] ReadMemory at 0x1a184d787e0 of 62 bytes failed: Somente uma parte de um pedido ReadProcessMemory ou WriteProcessMemory foi concluída. (0x12B)
[0902/145640.016:ERROR:process_memory_win.cc(73)] ReadMemory at 0x1a184d78830 of 58 bytes failed: Somente uma parte de um pedido ReadProcessMemory ou WriteProcessMemory foi concluída. (0x12B)
[0902/145640.016:ERROR:process_memory_win.cc(73)] ReadMemory at 0x1a184d78880 of 62 bytes failed: Somente uma parte de um pedido ReadProcessMemory ou WriteProcessMemory foi concluída. (0x12B)
[0902/145640.016:ERROR:process_memory_win.cc(73)] ReadMemory at 0x1a184d788d0 of 60 bytes failed: Somente uma parte de um pedido ReadProcessMemory ou WriteProcessMemory foi concluída. (0x12B)
[0902/145640.016:ERROR:process_memory_win.cc(73)] ReadMemory at 0x1a184d789c0 of 62 bytes failed: Somente uma parte de um pedido ReadProcessMemory ou WriteProcessMemory foi concluída. (0x12B)
[0902/145640.016:ERROR:process_memory_win.cc(73)] ReadMemory at 0x1a184d78b00 of 64 bytes failed: Somente uma parte de um pedido ReadProcessMemory ou WriteProcessMemory foi concluída. (0x12B)
[0902/145640.016:ERROR:process_memory_win.cc(73)] ReadMemory at 0x1a184d78b50 of 66 bytes failed: Somente uma parte de um pedido ReadProcessMemory ou WriteProcessMemory foi concluída. (0x12B)
[0902/145640.016:ERROR:process_memory_win.cc(73)] ReadMemory at 0x1a184d78ce0 of 64 bytes failed: Somente uma parte de um pedido ReadProcessMemory ou WriteProcessMemory foi concluída. (0x12B)
[0902/145640.016:ERROR:process_memory_win.cc(73)] ReadMemory at 0x1a184d78d30 of 64 bytes failed: Somente uma parte de um pedido ReadProcessMemory ou WriteProcessMemory foi concluída. (0x12B)
[0902/145640.016:ERROR:process_memory_win.cc(73)] ReadMemory at 0x1a184d78dd0 of 60 bytes failed: Somente uma parte de um pedido ReadProcessMemory ou WriteProcessMemory foi concluída. (0x12B)
[0902/145640.016:ERROR:process_memory_win.cc(73)] ReadMemory at 0x1a184d7a4b0 of 132 bytes failed: Somente uma parte de um pedido ReadProcessMemory ou WriteProcessMemory foi concluída. (0x12B)
[0902/145640.016:ERROR:process_memory_win.cc(73)] ReadMemory at 0x1a184d7c500 of 144 bytes failed: Somente uma parte de um pedido ReadProcessMemory ou WriteProcessMemory foi concluída. (0x12B)
[0902/145640.016:ERROR:process_memory_win.cc(73)] ReadMemory at 0x1a184d7ca60 of 132 bytes failed: Somente uma parte de um pedido ReadProcessMemory ou WriteProcessMemory foi concluída. (0x12B)
[0902/145640.016:ERROR:process_memory_win.cc(73)] ReadMemory at 0x1a184d7cdc0 of 132 bytes failed: Somente uma parte de um pedido ReadProcessMemory ou WriteProcessMemory foi concluída. (0x12B)
[0902/145640.016:ERROR:process_memory_win.cc(73)] ReadMemory at 0x1a184d7cfd0 of 132 bytes failed: Somente uma parte de um pedido ReadProcessMemory ou WriteProcessMemory foi concluída. (0x12B)
[0902/145640.016:ERROR:process_memory_win.cc(73)] ReadMemory at 0x1a184d7d300 of 132 bytes failed: Somente uma parte de um pedido ReadProcessMemory ou WriteProcessMemory foi concluída. (0x12B)
[0902/145640.016:ERROR:process_memory_win.cc(73)] ReadMemory at 0x1a184d7d560 of 132 bytes failed: Somente uma parte de um pedido ReadProcessMemory ou WriteProcessMemory foi concluída. (0x12B)
[0902/145640.016:ERROR:process_memory_win.cc(73)] ReadMemory at 0x1a184d7d690 of 132 bytes failed: Somente uma parte de um pedido ReadProcessMemory ou WriteProcessMemory foi concluída. (0x12B)
[0902/145640.016:ERROR:process_memory_win.cc(73)] ReadMemory at 0x1a184d7d7c0 of 132 bytes failed: Somente uma parte de um pedido ReadProcessMemory ou WriteProcessMemory foi concluída. (0x12B)
[0902/145640.016:ERROR:process_memory_win.cc(73)] ReadMemory at 0x1a184d7d8f0 of 132 bytes failed: Somente uma parte de um pedido ReadProcessMemory ou WriteProcessMemory foi concluída. (0x12B)
[0902/145640.016:ERROR:process_memory_win.cc(73)] ReadMemory at 0x1a184d7da20 of 132 bytes failed: Somente uma parte de um pedido ReadProcessMemory ou WriteProcessMemory foi concluída. (0x12B)
[0902/145640.016:ERROR:process_memory_win.cc(73)] ReadMemory at 0x1a184d7db50 of 132 bytes failed: Somente uma parte de um pedido ReadProcessMemory ou WriteProcessMemory foi concluída. (0x12B)
[0902/145640.016:ERROR:process_memory_win.cc(73)] ReadMemory at 0x1a184d7dc80 of 132 bytes failed: Somente uma parte de um pedido ReadProcessMemory ou WriteProcessMemory foi concluída. (0x12B)
[0902/145640.016:ERROR:process_memory_win.cc(73)] ReadMemory at 0x1a184d7ddb0 of 132 bytes failed: Somente uma parte de um pedido ReadProcessMemory ou WriteProcessMemory foi concluída. (0x12B)
[0902/145640.016:ERROR:process_memory_win.cc(73)] ReadMemory at 0x1a184d7dee0 of 132 bytes failed: Somente uma parte de um pedido ReadProcessMemory ou WriteProcessMemory foi concluída. (0x12B)
[0902/145640.016:ERROR:process_memory_win.cc(73)] ReadMemory at 0x1a184d7e010 of 132 bytes failed: Somente uma parte de um pedido ReadProcessMemory ou WriteProcessMemory foi concluída. (0x12B)
[0902/145640.016:ERROR:process_memory_win.cc(73)] ReadMemory at 0x1a184d7e140 of 132 bytes failed: Somente uma parte de um pedido ReadProcessMemory ou WriteProcessMemory foi concluída. (0x12B)
[0902/145640.016:ERROR:process_memory_win.cc(73)] ReadMemory at 0x1a184d82c60 of 132 bytes failed: Somente uma parte de um pedido ReadProcessMemory ou WriteProcessMemory foi concluída. (0x12B)
[0902/145640.016:ERROR:process_memory_win.cc(73)] ReadMemory at 0x1a184d82e80 of 132 bytes failed: Somente uma parte de um pedido ReadProcessMemory ou WriteProcessMemory foi concluída. (0x12B)
[0902/145640.016:ERROR:process_memory_win.cc(73)] ReadMemory at 0x1a184d83bf0 of 132 bytes failed: Somente uma parte de um pedido ReadProcessMemory ou WriteProcessMemory foi concluída. (0x12B)
[0902/145640.016:ERROR:process_memory_win.cc(73)] ReadMemory at 0x1a184d83d20 of 132 bytes failed: Somente uma parte de um pedido ReadProcessMemory ou WriteProcessMemory foi concluída. (0x12B)
[0902/145640.016:ERROR:process_memory_win.cc(73)] ReadMemory at 0x1a184d83e50 of 132 bytes failed: Somente uma parte de um pedido ReadProcessMemory ou WriteProcessMemory foi concluída. (0x12B)
[0902/145640.016:ERROR:process_memory_win.cc(73)] ReadMemory at 0x1a184d83f80 of 132 bytes failed: Somente uma parte de um pedido ReadProcessMemory ou WriteProcessMemory foi concluída. (0x12B)
[0902/145640.016:ERROR:process_memory_win.cc(73)] ReadMemory at 0x1a184d841e0 of 132 bytes failed: Somente uma parte de um pedido ReadProcessMemory ou WriteProcessMemory foi concluída. (0x12B)
[0902/145640.016:ERROR:process_memory_win.cc(73)] ReadMemory at 0x1a184d84310 of 132 bytes failed: Somente uma parte de um pedido ReadProcessMemory ou WriteProcessMemory foi concluída. (0x12B)
[0902/145640.016:ERROR:process_memory_win.cc(73)] ReadMemory at 0x1a184d84440 of 132 bytes failed: Somente uma parte de um pedido ReadProcessMemory ou WriteProcessMemory foi concluída. (0x12B)
[0902/145640.016:ERROR:process_memory_win.cc(73)] ReadMemory at 0x1a184d84570 of 132 bytes failed: Somente uma parte de um pedido ReadProcessMemory ou WriteProcessMemory foi concluída. (0x12B)
[0902/145640.016:ERROR:process_memory_win.cc(73)] ReadMemory at 0x1a184d846a0 of 132 bytes failed: Somente uma parte de um pedido ReadProcessMemory ou WriteProcessMemory foi concluída. (0x12B)
[0902/145640.016:ERROR:process_memory_win.cc(73)] ReadMemory at 0x1a184d847d0 of 132 bytes failed: Somente uma parte de um pedido ReadProcessMemory ou WriteProcessMemory foi concluída. (0x12B)
[0902/145640.016:ERROR:process_memory_win.cc(73)] ReadMemory at 0x1a184d84900 of 132 bytes failed: Somente uma parte de um pedido ReadProcessMemory ou WriteProcessMemory foi concluída. (0x12B)
[0902/145640.016:ERROR:process_memory_win.cc(73)] ReadMemory at 0x1a184d84c90 of 132 bytes failed: Somente uma parte de um pedido ReadProcessMemory ou WriteProcessMemory foi concluída. (0x12B)
[0902/145640.016:ERROR:process_memory_win.cc(73)] ReadMemory at 0x1a184d84dc0 of 132 bytes failed: Somente uma parte de um pedido ReadProcessMemory ou WriteProcessMemory foi concluída. (0x12B)
[0902/145640.016:ERROR:process_memory_win.cc(73)] ReadMemory at 0x1a184d84ef0 of 132 bytes failed: Somente uma parte de um pedido ReadProcessMemory ou WriteProcessMemory foi concluída. (0x12B)
[0902/145640.016:ERROR:process_memory_win.cc(73)] ReadMemory at 0x1a184d85020 of 132 bytes failed: Somente uma parte de um pedido ReadProcessMemory ou WriteProcessMemory foi concluída. (0x12B)
[0902/145640.016:ERROR:process_memory_win.cc(73)] ReadMemory at 0x1a184d85150 of 132 bytes failed: Somente uma parte de um pedido ReadProcessMemory ou WriteProcessMemory foi concluída. (0x12B)
[0902/145640.016:ERROR:process_memory_win.cc(73)] ReadMemory at 0x1a184d85280 of 132 bytes failed: Somente uma parte de um pedido ReadProcessMemory ou WriteProcessMemory foi concluída. (0x12B)
[0902/145640.016:ERROR:process_memory_win.cc(73)] ReadMemory at 0x1a184d853b0 of 132 bytes failed: Somente uma parte de um pedido ReadProcessMemory ou WriteProcessMemory foi concluída. (0x12B)
[0902/145640.016:ERROR:process_memory_win.cc(73)] ReadMemory at 0x1a184d854e0 of 132 bytes failed: Somente uma parte de um pedido ReadProcessMemory ou WriteProcessMemory foi concluída. (0x12B)
[0902/145640.016:ERROR:process_memory_win.cc(73)] ReadMemory at 0x1a184d85610 of 132 bytes failed: Somente uma parte de um pedido ReadProcessMemory ou WriteProcessMemory foi concluída. (0x12B)
[0902/145640.032:ERROR:process_memory_win.cc(73)] ReadMemory at 0x1a184d85740 of 132 bytes failed: Somente uma parte de um pedido ReadProcessMemory ou WriteProcessMemory foi concluída. (0x12B)
[0902/145640.032:ERROR:process_memory_win.cc(73)] ReadMemory at 0x1a184d85bf0 of 80 bytes failed: Somente uma parte de um pedido ReadProcessMemory ou WriteProcessMemory foi concluída. (0x12B)
[0902/145640.032:ERROR:process_memory_win.cc(73)] ReadMemory at 0x1a184d86010 of 76 bytes failed: Somente uma parte de um pedido ReadProcessMemory ou WriteProcessMemory foi concluída. (0x12B)
[0902/145640.032:ERROR:process_memory_win.cc(73)] ReadMemory at 0x1a184db0500 of 64 bytes failed: Somente uma parte de um pedido ReadProcessMemory ou WriteProcessMemory foi concluída. (0x12B)
[0902/145640.032:ERROR:process_memory_win.cc(73)] ReadMemory at 0x1a184db0550 of 58 bytes failed: Somente uma parte de um pedido ReadProcessMemory ou WriteProcessMemory foi concluída. (0x12B)
[0902/145640.032:ERROR:process_memory_win.cc(73)] ReadMemory at 0x1a184db05a0 of 62 bytes failed: Somente uma parte de um pedido ReadProcessMemory ou WriteProcessMemory foi concluída. (0x12B)
[0902/145640.032:ERROR:process_memory_win.cc(73)] ReadMemory at 0x1a184db0640 of 60 bytes failed: Somente uma parte de um pedido ReadProcessMemory ou WriteProcessMemory foi concluída. (0x12B)
[0902/145640.032:ERROR:process_memory_win.cc(73)] ReadMemory at 0x1a184db0690 of 60 bytes failed: Somente uma parte de um pedido ReadProcessMemory ou WriteProcessMemory foi concluída. (0x12B)
[0902/145640.032:ERROR:process_memory_win.cc(73)] ReadMemory at 0x1a184db0d70 of 62 bytes failed: Somente uma parte de um pedido ReadProcessMemory ou WriteProcessMemory foi concluída. (0x12B)
[0902/145640.032:ERROR:process_memory_win.cc(73)] ReadMemory at 0x1a184db0eb0 of 58 bytes failed: Somente uma parte de um pedido ReadProcessMemory ou WriteProcessMemory foi concluída. (0x12B)
[0902/145640.032:ERROR:process_memory_win.cc(73)] ReadMemory at 0x1a184db0f50 of 66 bytes failed: Somente uma parte de um pedido ReadProcessMemory ou WriteProcessMemory foi concluída. (0x12B)
[0902/145640.032:ERROR:process_memory_win.cc(73)] ReadMemory at 0x1a184db0ff0 of 62 bytes failed: Somente uma parte de um pedido ReadProcessMemory ou WriteProcessMemory foi concluída. (0x12B)
[0902/145640.032:ERROR:process_memory_win.cc(73)] ReadMemory at 0x1a184db1090 of 58 bytes failed: Somente uma parte de um pedido ReadProcessMemory ou WriteProcessMemory foi concluída. (0x12B)
[0902/145640.032:ERROR:process_memory_win.cc(73)] ReadMemory at 0x1a184db4d80 of 78 bytes failed: Somente uma parte de um pedido ReadProcessMemory ou WriteProcessMemory foi concluída. (0x12B)
[0902/145640.032:ERROR:process_memory_win.cc(73)] ReadMemory at 0x1a184ddd9c0 of 512 bytes failed: Somente uma parte de um pedido ReadProcessMemory ou WriteProcessMemory foi concluída. (0x12B)
[0902/145640.032:ERROR:process_memory_win.cc(73)] ReadMemory at 0x1a184dde540 of 512 bytes failed: Somente uma parte de um pedido ReadProcessMemory ou WriteProcessMemory foi concluída. (0x12B)
[0902/145640.032:ERROR:process_memory_win.cc(73)] ReadMemory at 0x1a184de3cb0 of 512 bytes failed: Somente uma parte de um pedido ReadProcessMemory ou WriteProcessMemory foi concluída. (0x12B)
[0902/145640.032:ERROR:process_memory_win.cc(73)] ReadMemory at 0x1a184de7cd0 of 512 bytes failed: Somente uma parte de um pedido ReadProcessMemory ou WriteProcessMemory foi concluída. (0x12B)
[0902/145640.032:ERROR:process_memory_win.cc(73)] ReadMemory at 0x1a184dee0e0 of 512 bytes failed: Somente uma parte de um pedido ReadProcessMemory ou WriteProcessMemory foi concluída. (0x12B)
[0902/145640.032:ERROR:process_memory_win.cc(73)] ReadMemory at 0x1a184df1880 of 512 bytes failed: Somente uma parte de um pedido ReadProcessMemory ou WriteProcessMemory foi concluída. (0x12B)
[0902/145640.032:ERROR:process_memory_win.cc(73)] ReadMemory at 0x1a184df1d20 of 712 bytes failed: Somente uma parte de um pedido ReadProcessMemory ou WriteProcessMemory foi concluída. (0x12B)
[0902/145640.032:ERROR:process_memory_win.cc(73)] ReadMemory at 0x1a184e32a70 of 512 bytes failed: Somente uma parte de um pedido ReadProcessMemory ou WriteProcessMemory foi concluída. (0x12B)
[0902/145640.032:ERROR:process_memory_win.cc(73)] ReadMemory at 0x1a184e3cd22 of 882 bytes failed: Somente uma parte de um pedido ReadProcessMemory ou WriteProcessMemory foi concluída. (0x12B)
[0902/145640.032:ERROR:process_memory_win.cc(73)] ReadMemory at 0x1a184e3d1d4 of 512 bytes failed: Somente uma parte de um pedido ReadProcessMemory ou WriteProcessMemory foi concluída. (0x12B)
[0902/145640.032:ERROR:process_memory_win.cc(73)] ReadMemory at 0x1a186920000 of 384 bytes failed: Somente uma parte de um pedido ReadProcessMemory ou WriteProcessMemory foi concluída. (0x12B)
[0902/145640.032:ERROR:process_memory_win.cc(73)] ReadMemory at 0x1a186943190 of 512 bytes failed: Somente uma parte de um pedido ReadProcessMemory ou WriteProcessMemory foi concluída. (0x12B)
[0902/145640.032:ERROR:process_memory_win.cc(73)] ReadMemory at 0x1a1869c8330 of 512 bytes failed: Somente uma parte de um pedido ReadProcessMemory ou WriteProcessMemory foi concluída. (0x12B)
[0902/145640.032:ERROR:process_memory_win.cc(73)] ReadMemory at 0x1a1869c8db0 of 512 bytes failed: Somente uma parte de um pedido ReadProcessMemory ou WriteProcessMemory foi concluída. (0x12B)
[0902/145640.032:ERROR:process_memory_win.cc(73)] ReadMemory at 0x1a186a94be0 of 512 bytes failed: Somente uma parte de um pedido ReadProcessMemory ou WriteProcessMemory foi concluída. (0x12B)
[0902/145640.032:ERROR:process_memory_win.cc(73)] ReadMemory at 0x1a186bfbfe8 of 512 bytes failed: Somente uma parte de um pedido ReadProcessMemory ou WriteProcessMemory foi concluída. (0x12B)
[0902/145640.032:ERROR:process_memory_win.cc(73)] ReadMemory at 0x1a186c1b990 of 512 bytes failed: Somente uma parte de um pedido ReadProcessMemory ou WriteProcessMemory foi concluída. (0x12B)
[0902/145640.032:ERROR:process_memory_win.cc(73)] ReadMemory at 0x5b73d5495188 of 512 bytes failed: Somente uma parte de um pedido ReadProcessMemory ou WriteProcessMemory foi concluída. (0x12B)
[0902/145640.032:ERROR:process_memory_win.cc(73)] ReadMemory at 0x7ffc5a6737f0 of 512 bytes failed: Somente uma parte de um pedido ReadProcessMemory ou WriteProcessMemory foi concluída. (0x12B)
[0902/145640.032:ERROR:process_memory_win.cc(73)] ReadMemory at 0x7ffc5aa3d85c of 512 bytes failed: Somente uma parte de um pedido ReadProcessMemory ou WriteProcessMemory foi concluída. (0x12B)
[0902/145640.032:ERROR:process_memory_win.cc(73)] ReadMemory at 0x7ffc5b06d6ad of 512 bytes failed: Somente uma parte de um pedido ReadProcessMemory ou WriteProcessMemory foi concluída. (0x12B)
[0902/145640.032:ERROR:process_memory_win.cc(73)] ReadMemory at 0x7ffc5c275ab3 of 512 bytes failed: Somente uma parte de um pedido ReadProcessMemory ou WriteProcessMemory foi concluída. (0x12B)
[0902/145640.032:ERROR:process_memory_win.cc(73)] ReadMemory at 0x7ffc60c98ef0 of 512 bytes failed: Somente uma parte de um pedido ReadProcessMemory ou WriteProcessMemory foi concluída. (0x12B)
[0902/145640.032:ERROR:process_memory_win.cc(73)] ReadMemory at 0x7ffc60f72888 of 512 bytes failed: Somente uma parte de um pedido ReadProcessMemory ou WriteProcessMemory foi concluída. (0x12B)
[0902/145640.032:ERROR:file_io_win.cc(162)] CreateFile C:\Users\atira\AppData\Local\Temp\scoped_dir23584_320322790\Crashpad\settings.dat: O sistema não pode encontrar o arquivo especificado. (0x2)
[0902/145640.032:ERROR:scoped_process_suspend.cc(40)] NtResumeProcess: Tentou-se acessar um processo de saída. (0xc000010a)
